# JRE version: Java(TM) SE Runtime Environment (8.0_111-b14) (build 1.8.0_111-b14)
# Java VM: Java HotSpot(TM) 64-Bit Server VM (25.111-b14 mixed mode linux-amd64 compressed oops)
Heap:
 garbage-first heap   total 262144K, used 181245K [0x00000000c0000000, 0x00000000c0100800, 0x0000000100000000)
  region size 1024K, 82 young (83968K), 7 survivors (7168K)
 Metaspace       used 122788K, capacity 134594K, committed 134652K, reserved 1167360K
  class space    used 14542K, capacity 17605K, committed 17660K, reserved 1048576K
GC Heap History (10 events):
Event: 1437,097 GC heap before
{Heap before GC invocations=48 (full 0):
 garbage-first heap   total 262144K, used 223717K [0x00000000c0000000, 0x00000000c0100800, 0x0000000100000000)
  region size 1024K, 126 young (129024K), 10 survivors (10240K)
 Metaspace       used 121482K, capacity 132820K, committed 132988K, reserved 1165312K
  class space    used 14419K, capacity 17519K, committed 17532K, reserved 1048576K
Event: 1437,115 GC heap after
Heap after GC invocations=49 (full 0):
 garbage-first heap   total 262144K, used 106981K [0x00000000c0000000, 0x00000000c0100800, 0x0000000100000000)
  region size 1024K, 12 young (12288K), 12 survivors (12288K)
 Metaspace       used 121482K, capacity 132820K, committed 132988K, reserved 1165312K
  class space    used 14419K, capacity 17519K, committed 17532K, reserved 1048576K
}
Event: 1455,137 GC heap before
{Heap before GC invocations=49 (full 0):
 garbage-first heap   total 262144K, used 221669K [0x00000000c0000000, 0x00000000c0100800, 0x0000000100000000)
  region size 1024K, 124 young (126976K), 12 survivors (12288K)
 Metaspace       used 121595K, capacity 132948K, committed 133244K, reserved 1165312K
  class space    used 14420K, capacity 17519K, committed 17532K, reserved 1048576K
Event: 1455,159 GC heap after
Heap after GC invocations=50 (full 0):
 garbage-first heap   total 262144K, used 104957K [0x00000000c0000000, 0x00000000c0100800, 0x0000000100000000)
  region size 1024K, 6 young (6144K), 6 survivors (6144K)
 Metaspace       used 121595K, capacity 132948K, committed 133244K, reserved 1165312K
  class space    used 14420K, capacity 17519K, committed 17532K, reserved 1048576K
}
Event: 1474,422 GC heap before
{Heap before GC invocations=50 (full 0):
 garbage-first heap   total 262144K, used 227837K [0x00000000c0000000, 0x00000000c0100800, 0x0000000100000000)
  region size 1024K, 126 young (129024K), 6 survivors (6144K)
 Metaspace       used 121661K, capacity 133082K, committed 133244K, reserved 1165312K
  class space    used 14423K, capacity 17520K, committed 17532K, reserved 1048576K
Event: 1474,435 GC heap after
Heap after GC invocations=51 (full 0):
 garbage-first heap   total 262144K, used 107447K [0x00000000c0000000, 0x00000000c0100800, 0x0000000100000000)
  region size 1024K, 9 young (9216K), 9 survivors (9216K)
 Metaspace       used 121661K, capacity 133082K, committed 133244K, reserved 1165312K
  class space    used 14423K, capacity 17520K, committed 17532K, reserved 1048576K
}
Event: 1492,090 GC heap before
{Heap before GC invocations=51 (full 0):
 garbage-first heap   total 262144K, used 224183K [0x00000000c0000000, 0x00000000c0100800, 0x0000000100000000)
  region size 1024K, 123 young (125952K), 9 survivors (9216K)
 Metaspace       used 121845K, capacity 133344K, committed 133500K, reserved 1165312K
  class space    used 14425K, capacity 17521K, committed 17532K, reserved 1048576K
Event: 1492,104 GC heap after
Heap after GC invocations=52 (full 0):
 garbage-first heap   total 262144K, used 104957K [0x00000000c0000000, 0x00000000c0100800, 0x0000000100000000)
  region size 1024K, 6 young (6144K), 6 survivors (6144K)
 Metaspace       used 121845K, capacity 133344K, committed 133500K, reserved 1165312K
  class space    used 14425K, capacity 17521K, committed 17532K, reserved 1048576K
}
Event: 1501,942 GC heap before
{Heap before GC invocations=52 (full 0):
 garbage-first heap   total 262144K, used 227837K [0x00000000c0000000, 0x00000000c0100800, 0x0000000100000000)
  region size 1024K, 126 young (129024K), 6 survivors (6144K)
 Metaspace       used 121896K, capacity 133344K, committed 133500K, reserved 1165312K
  class space    used 14426K, capacity 17521K, committed 17532K, reserved 1048576K
Event: 1501,950 GC heap after
Heap after GC invocations=53 (full 0):
 garbage-first heap   total 262144K, used 105469K [0x00000000c0000000, 0x00000000c0100800, 0x0000000100000000)
  region size 1024K, 7 young (7168K), 7 survivors (7168K)
 Metaspace       used 121896K, capacity 133344K, committed 133500K, reserved 1165312K
  class space    used 14426K, capacity 17521K, committed 17532K, reserved 1048576K
}

